<?xml version="1.0" encoding="UTF-8"?>
<!-- Generated by org.testng.reporters.JUnitXMLReporter -->
<testsuite hostname="LL-B8HT95J" name="Command line test" tests="1" failures="0" timestamp="28 Dec 2017 11:41:55 GMT" time="0.016" errors="0">
  <testcase name="@BeforeMethod setUp" time="0.0" classname="com.lensway.TestScripts.LoginPageTest">
    <failure type="java.lang.NullPointerException">
      <![CDATA[java.lang.NullPointerException
	at com.lensway.baseconfiguration.TestBase.initialization(TestBase.java:38)
	at com.lensway.TestScripts.LoginPageTest.setUp(LoginPageTest.java:33)
... Removed 35 stack frames]]>
    </failure>
  </testcase> <!-- @BeforeMethod setUp -->
  <testcase name="@AfterMethod tearDown" time="0.0" classname="com.lensway.TestScripts.LoginPageTest">
    <skipped/>
  </testcase> <!-- @AfterMethod tearDown -->
  <testcase name="loginTest" time="0.0" classname="com.lensway.TestScripts.LoginPageTest">
    <skipped/>
  </testcase> <!-- loginTest -->
</testsuite> <!-- Command line test -->
